#
# There is insufficient memory for the Java Runtime Environment to continue.
# Native memory allocation (malloc) failed to allocate 79216 bytes for Chunk::new
# Possible reasons:
#   The system is out of physical RAM or swap space
#   In 32 bit mode, the process size limit was hit
# Possible solutions:
#   Reduce memory load on the system
#   Increase physical memory or swap space
#   Check if swap backing store is full
#   Use 64 bit Java on a 64 bit OS
#   Decrease Java heap size (-Xmx/-Xms)
#   Decrease number of Java threads
#   Decrease Java thread stack sizes (-Xss)
#   Set larger code cache with -XX:ReservedCodeCacheSize=
# This output file may be truncated or incomplete.
#
#  Out of Memory Error (allocation.cpp:390), pid=13528, tid=0x00000000000035d4
#
# JRE version: OpenJDK Runtime Environment (8.0_76-b03) (build 1.8.0_76-release-b03)
# Java VM: OpenJDK 64-Bit Server VM (25.76-b03 mixed mode windows-amd64 compressed oops)
# Failed to write core dump. Minidumps are not enabled by default on client versions of Windows
#

---------------  T H R E A D  ---------------

Current thread (0x0000000056f18000):  JavaThread "C2 CompilerThread0" daemon [_thread_in_native, id=13780, stack(0x0000000058740000,0x0000000058840000)]

Stack: [0x0000000058740000,0x0000000058840000]
[error occurred during error reporting (printing stack bounds), id 0xc0000005]

Native frames: (J=compiled Java code, j=interpreted, Vv=VM code, C=native code)


Current CompileTask:
C2:   6039  660       4       com.android.dx.rop.cst.CstString::utf8BytesToString (391 bytes)


---------------  P R O C E S S  ---------------

Java Threads: ( => current thread )
  0x0000000058ee6800 JavaThread "pool-1-thread-4" [_thread_in_Java, id=13976, stack(0x0000000059bf0000,0x0000000059cf0000)]
  0x0000000058ee1000 JavaThread "pool-1-thread-3" [_thread_in_Java, id=13960, stack(0x00000000599c0000,0x0000000059ac0000)]
  0x0000000058ee8800 JavaThread "pool-1-thread-2" [_thread_blocked, id=13952, stack(0x0000000058a00000,0x0000000058b00000)]
  0x0000000058ede000 JavaThread "pool-2-thread-1" [_thread_blocked, id=13948, stack(0x00000000598a0000,0x00000000599a0000)]
  0x0000000058edb000 JavaThread "pool-1-thread-1" [_thread_in_vm, id=13944, stack(0x0000000059700000,0x0000000059800000)]
  0x0000000056fa7800 JavaThread "Service Thread" daemon [_thread_blocked, id=13800, stack(0x0000000058c50000,0x0000000058d50000)]
  0x0000000056f8a800 JavaThread "C1 CompilerThread3" daemon [_thread_blocked, id=13792, stack(0x0000000058b10000,0x0000000058c10000)]
  0x0000000056f81800 JavaThread "C2 CompilerThread2" daemon [_thread_blocked, id=13788, stack(0x0000000058450000,0x0000000058550000)]
  0x0000000056f6d800 JavaThread "C2 CompilerThread1" daemon [_thread_blocked, id=13784, stack(0x0000000058900000,0x0000000058a00000)]
=>0x0000000056f18000 JavaThread "C2 CompilerThread0" daemon [_thread_in_native, id=13780, stack(0x0000000058740000,0x0000000058840000)]
  0x0000000056f0c800 JavaThread "Attach Listener" daemon [_thread_blocked, id=13772, stack(0x0000000058620000,0x0000000058720000)]
  0x0000000056f17000 JavaThread "Signal Dispatcher" daemon [_thread_blocked, id=13768, stack(0x0000000058350000,0x0000000058450000)]
  0x000000005563b800 JavaThread "Finalizer" daemon [_thread_blocked, id=13728, stack(0x0000000058040000,0x0000000058140000)]
  0x0000000055634800 JavaThread "Reference Handler" daemon [_thread_blocked, id=13724, stack(0x0000000058150000,0x0000000058250000)]
  0x000000000256e800 JavaThread "main" [_thread_blocked, id=13600, stack(0x0000000002840000,0x0000000002940000)]

Other Threads:
  0x0000000056eb0800 VMThread [stack: 0x0000000057e80000,0x0000000057f80000] [id=13712]
  0x0000000056fa8800 WatcherThread [stack: 0x0000000058dd0000,0x0000000058ed0000] [id=13804]

VM state:not at safepoint (normal execution)

VM Mutex/Monitor currently owned by a thread: None

Heap:
 PSYoungGen      total 38400K, used 18645K [0x00000000eab00000, 0x00000000ed580000, 0x0000000100000000)
  eden space 33280K, 56% used [0x00000000eab00000,0x00000000ebd355f0,0x00000000ecb80000)
  from space 5120K, 0% used [0x00000000ed080000,0x00000000ed080000,0x00000000ed580000)
  to   space 5120K, 0% used [0x00000000ecb80000,0x00000000ecb80000,0x00000000ed080000)
 ParOldGen       total 87552K, used 0K [0x00000000c0000000, 0x00000000c5580000, 0x00000000eab00000)
  object space 87552K, 0% used [0x00000000c0000000,0x00000000c0000000,0x00000000c5580000)
 Metaspace       used 5686K, capacity 6640K, committed 6784K, reserved 1056768K
  class space    used 573K, capacity 616K, committed 640K, reserved 1048576K

Card table byte_map: [0x0000000011d00000,0x0000000011f10000] byte_map_base: 0x0000000011700000

Marking Bits: (ParMarkBitMap*) 0x0000000056dc9d00
 Begin Bits: [0x0000000012a50000, 0x0000000013a50000)
 End Bits:   [0x0000000013a50000, 0x0000000014a50000)

Polling page: 0x0000000000550000

CodeCache: size=245760Kb used=2540Kb max_used=2551Kb free=243219Kb
 bounds [0x0000000002940000, 0x0000000002bc0000, 0x0000000011940000]
 total_blobs=937 nmethods=665 adapters=184
 compilation: disabled (not enough contiguous free space left)

Compilation events (10 events):
Event: 6.027 Thread 0x0000000056f8a800 nmethod 609 0x0000000002bbb250 code [0x0000000002bbb3a0, 0x0000000002bbb4b0]
Event: 6.027 Thread 0x0000000056f8a800  644       1       com.android.dx.dex.code.Dop::hasResult (5 bytes)
Event: 6.027 Thread 0x0000000056f8a800 nmethod 644 0x0000000002bbb510 code [0x0000000002bbb660, 0x0000000002bbb770]
Event: 6.027 Thread 0x0000000056f8a800  645       1       com.android.dx.dex.code.RopTranslator::access$500 (5 bytes)
Event: 6.027 Thread 0x0000000056f8a800 nmethod 645 0x0000000002bbb7d0 code [0x0000000002bbb920, 0x0000000002bbba10]
Event: 6.027 Thread 0x0000000056f8a800  650       1       com.android.dx.ssa.back.FirstFitLocalCombiningAllocator::access$300 (5 bytes)
Event: 6.027 Thread 0x0000000056f8a800 nmethod 650 0x0000000002bbba90 code [0x0000000002bbbbe0, 0x0000000002bbbcd0]
Event: 6.027 Thread 0x0000000056f8a800  652       1       com.android.dx.cf.code.ByteCatchList$Item::getHandlerPc (5 bytes)
Event: 6.027 Thread 0x0000000056f8a800 nmethod 652 0x0000000002bbbd50 code [0x0000000002bbbea0, 0x0000000002bbbfb0]
Event: 6.029 Thread 0x0000000056f81800 nmethod 664 0x0000000002bbee90 code [0x0000000002bbf000, 0x0000000002bbf278]

GC Heap History (0 events):
No events

Deoptimization events (2 events):
Event: 3.276 Thread 0x000000000256e800 Uncommon trap: reason=unstable_if action=reinterpret pc=0x0000000002a8aec8 method=java.lang.String.indexOf(II)I @ 49
Event: 5.997 Thread 0x0000000058ee1000 Uncommon trap: reason=unstable_if action=reinterpret pc=0x0000000002b5ce20 method=java.util.BitSet.nextSetBit(I)I @ 87

Internal exceptions (2 events):
Event: 0.056 Thread 0x000000000256e800 Exception <a 'java/lang/NoSuchMethodError': Method sun.misc.Unsafe.defineClass(Ljava/lang/String;[BII)Ljava/lang/Class; name or signature does not match> (0x00000000eab07cc0) thrown at [C:\src\android\AOSP-openjdk\external\jetbrains\jdk\hotspot\src\share\v*¿…I≥¨?
Event: 0.056 Thread 0x000000000256e800 Exception <a 'java/lang/NoSuchMethodError': Method sun.misc.Unsafe.prefetchRead(Ljava/lang/Object;J)V name or signature does not match> (0x00000000eab07fa8) thrown at [C:\src\android\AOSP-openjdk\external\jetbrains\jdk\hotspot\src\share\vm\prims\jni.cpp, l

Events (10 events):
Event: 5.964 loading class java/util/DualPivotQuicksort done
Event: 5.974 loading class com/android/dx/dex/file/FieldAnnotationStruct
Event: 5.974 loading class com/android/dx/dex/file/FieldAnnotationStruct done
Event: 5.977 loading class java/util/TreeMap$EntrySet
Event: 5.977 loading class java/util/TreeMap$EntrySet done
Event: 5.977 loading class java/util/TreeMap$EntryIterator
Event: 5.977 loading class java/util/TreeMap$EntryIterator done
Event: 5.997 Thread 0x0000000058ee1000 Uncommon trap: trap_request=0xffffff65 fr.pc=0x0000000002b5ce20
Event: 5.997 Thread 0x0000000058ee1000 DEOPT PACKING pc=0x0000000002b5ce20 sp=0x0000000059abe740
Event: 5.997 Thread 0x0000000058ee1000 DEOPT UNPACKING pc=0x000000000298556a sp=0x0000000059abe6d8 mode 2


Dynamic libraries:
0x000000013fd90000 - 0x000000013fdc1000 	D:\soft\jre\bin\java.exe
0x0000000076fb0000 - 0x000000007715a000 	C:\Windows\SYSTEM32\ntdll.dll
0x0000000076e90000 - 0x0000000076faf000 	C:\Windows\system32\kernel32.dll
0x000007fefcd00000 - 0x000007fefcd6a000 	C:\Windows\system32\KERNELBASE.dll
0x000007fefd4e0000 - 0x000007fefd5bb000 	C:\Windows\system32\ADVAPI32.dll
0x000007fefd7a0000 - 0x000007fefd83f000 	C:\Windows\system32\msvcrt.dll
0x000007fefea70000 - 0x000007fefea8f000 	C:\Windows\SYSTEM32\sechost.dll
0x000007fefeb10000 - 0x000007fefec3d000 	C:\Windows\system32\RPCRT4.dll
0x0000000076d90000 - 0x0000000076e8a000 	C:\Windows\system32\USER32.dll
0x000007fefe7b0000 - 0x000007fefe817000 	C:\Windows\system32\GDI32.dll
0x000007fefd2c0000 - 0x000007fefd2ce000 	C:\Windows\system32\LPK.dll
0x000007feff1f0000 - 0x000007feff2ba000 	C:\Windows\system32\USP10.dll
0x000007fefb5d0000 - 0x000007fefb7c4000 	C:\Windows\WinSxS\amd64_microsoft.windows.common-controls_6595b64144ccf1df_6.0.7601.18837_none_fa3b1e3d17594757\COMCTL32.dll
0x000007fefe730000 - 0x000007fefe7a1000 	C:\Windows\system32\SHLWAPI.dll
0x000007fefcb20000 - 0x000007fefcb77000 	C:\Windows\system32\apphelp.dll
0x000007fee3e00000 - 0x000007fee3e51000 	C:\Windows\AppPatch\AppPatch64\AcGenral.DLL
0x000007fefc8f0000 - 0x000007fefc915000 	C:\Windows\system32\SspiCli.dll
0x000007fefd2d0000 - 0x000007fefd4d3000 	C:\Windows\system32\ole32.dll
0x000007fefd8e0000 - 0x000007fefe66c000 	C:\Windows\system32\SHELL32.dll
0x000000005efb0000 - 0x000000005efb3000 	C:\Windows\system32\sfc.dll
0x000007fef6bb0000 - 0x000007fef6bc0000 	C:\Windows\system32\sfc_os.DLL
0x000007fefcd80000 - 0x000007fefcd9e000 	C:\Windows\system32\USERENV.dll
0x000007fefccf0000 - 0x000007fefccff000 	C:\Windows\system32\profapi.dll
0x000007fefafc0000 - 0x000007fefafd8000 	C:\Windows\system32\dwmapi.dll
0x000007fef7160000 - 0x000007fef7178000 	C:\Windows\system32\MPR.dll
0x000007fefd0a0000 - 0x000007fefd0ce000 	C:\Windows\system32\IMM32.DLL
0x000007fefd1b0000 - 0x000007fefd2b9000 	C:\Windows\system32\MSCTF.dll
0x000000006c6b0000 - 0x000000006c782000 	D:\soft\jre\jre\bin\msvcr100.dll
0x0000000056610000 - 0x0000000056e44000 	D:\soft\jre\jre\bin\server\jvm.dll
0x000007fef87e0000 - 0x000007fef87e9000 	C:\Windows\system32\WSOCK32.dll
0x000007fefe880000 - 0x000007fefe8cd000 	C:\Windows\system32\WS2_32.dll
0x000007fefe8d0000 - 0x000007fefe8d8000 	C:\Windows\system32\NSI.dll
0x000007fef8b90000 - 0x000007fef8bcb000 	C:\Windows\system32\WINMM.dll
0x000007fefc030000 - 0x000007fefc03c000 	C:\Windows\system32\VERSION.dll
0x0000000077180000 - 0x0000000077187000 	C:\Windows\system32\PSAPI.DLL
0x000007feef7e0000 - 0x000007feef7ef000 	D:\soft\jre\jre\bin\verify.dll
0x000007feeb910000 - 0x000007feeb939000 	D:\soft\jre\jre\bin\java.dll
0x000007fee6450000 - 0x000007fee6466000 	D:\soft\jre\jre\bin\zip.dll

VM Arguments:
jvm_args: -Djava.awt.headless=true -Xmx1024M -Dfile.encoding=GBK -Duser.country=CN -Duser.language=zh -Duser.variant 
java_command: com.android.dx.command.Main --dex --verbose --force-jumbo --num-threads=4 --output D:\AndroidStudioProjects\MobilePlayer2\app\build\intermediates\pre-dexed\debug\gson-2.2.1_18b310b37cbd9e888650573975c65d28ab961b3e.jar D:\AndroidStudioProjects\MobilePlayer2\app\libs\gson-2.2.1.jar
java_class_path (initial): D:\AndroidSDK\sdk\build-tools\23.0.3\lib\dx.jar
Launcher Type: SUN_STANDARD

Environment Variables:



---------------  S Y S T E M  ---------------

OS: Windows 7 , 64 bit Build 7601 (6.1.7601.23569)

CPU:total 8 (4 cores per cpu, 2 threads per core) family 6 model 60 stepping 3, cmov, cx8, fxsr, mmx, sse, sse2, sse3, ssse3, sse4.1, sse4.2, popcnt, avx, avx2, aes, clmul, erms, lzcnt, ht, tsc, tscinvbit, bmi1, bmi2

Memory: 4k page, physical 8275812k(1074848k free), swap 8275812k(4964k free)

vm_info: OpenJDK 64-Bit Server VM (25.76-b03) for windows-amd64 JRE (1.8.0_76-release-b03), built on Jun 29 2016 19:09:20 by "ralucas" with MS VC++ 10.0 (VS2010)

time: Tue Jan 17 17:51:08 2017
elapsed time: 6 seconds (0d 0h 0m 6s)

