#
# There is insufficient memory for the Java Runtime Environment to continue.
# Native memory allocation (malloc) failed to allocate 32744 bytes for ChunkPool::allocate
# Possible reasons:
#   The system is out of physical RAM or swap space
#   In 32 bit mode, the process size limit was hit
# Possible solutions:
#   Reduce memory load on the system
#   Increase physical memory or swap space
#   Check if swap backing store is full
#   Use 64 bit Java on a 64 bit OS
#   Decrease Java heap size (-Xmx/-Xms)
#   Decrease number of Java threads
#   Decrease Java thread stack sizes (-Xss)
#   Set larger code cache with -XX:ReservedCodeCacheSize=
# This output file may be truncated or incomplete.
#
#  Out of Memory Error (allocation.cpp:273), pid=13484, tid=0x0000000000003600
#
# JRE version: OpenJDK Runtime Environment (8.0_76-b03) (build 1.8.0_76-release-b03)
# Java VM: OpenJDK 64-Bit Server VM (25.76-b03 mixed mode windows-amd64 compressed oops)
# Failed to write core dump. Minidumps are not enabled by default on client versions of Windows
#

---------------  T H R E A D  ---------------

Current thread (0x000000005736c800):  JavaThread "C2 CompilerThread2" daemon [_thread_in_native, id=13824, stack(0x0000000058d00000,0x0000000058e00000)]

Stack: [0x0000000058d00000,0x0000000058e00000]
[error occurred during error reporting (printing stack bounds), id 0xc0000005]

Native frames: (J=compiled Java code, j=interpreted, Vv=VM code, C=native code)


Current CompileTask:
C2:   6040  594       4       com.android.dx.cf.code.LineNumberList::pcToLine (73 bytes)


---------------  P R O C E S S  ---------------

Java Threads: ( => current thread )
  0x0000000057620800 JavaThread "pool-1-thread-4" [_thread_in_Java, id=13992, stack(0x00000000594c0000,0x00000000595c0000)]
  0x000000005761f800 JavaThread "pool-1-thread-3" [_thread_in_Java, id=13988, stack(0x00000000592d0000,0x00000000593d0000)]
  0x0000000057524000 JavaThread "pool-1-thread-2" [_thread_in_Java, id=13968, stack(0x0000000058e00000,0x0000000058f00000)]
  0x000000005751e800 JavaThread "pool-2-thread-1" [_thread_blocked, id=13964, stack(0x0000000059180000,0x0000000059280000)]
  0x0000000057516000 JavaThread "pool-1-thread-1" [_thread_in_Java, id=13956, stack(0x0000000059080000,0x0000000059180000)]
  0x0000000057403800 JavaThread "Service Thread" daemon [_thread_blocked, id=13832, stack(0x0000000056510000,0x0000000056610000)]
  0x0000000057375800 JavaThread "C1 CompilerThread3" daemon [_thread_in_native, id=13828, stack(0x0000000058ba0000,0x0000000058ca0000)]
=>0x000000005736c800 JavaThread "C2 CompilerThread2" daemon [_thread_in_native, id=13824, stack(0x0000000058d00000,0x0000000058e00000)]
  0x000000005735c000 JavaThread "C2 CompilerThread1" daemon [_thread_in_native, id=13820, stack(0x0000000058a90000,0x0000000058b90000)]
  0x000000005734a000 JavaThread "C2 CompilerThread0" daemon [_thread_in_native, id=13816, stack(0x0000000058700000,0x0000000058800000)]
  0x0000000057348800 JavaThread "Attach Listener" daemon [_thread_blocked, id=13812, stack(0x0000000058890000,0x0000000058990000)]
  0x0000000057357000 JavaThread "Signal Dispatcher" daemon [_thread_blocked, id=13808, stack(0x00000000585c0000,0x00000000586c0000)]
  0x000000005583b800 JavaThread "Finalizer" daemon [_thread_blocked, id=13796, stack(0x00000000583b0000,0x00000000584b0000)]
  0x0000000055834800 JavaThread "Reference Handler" daemon [_thread_blocked, id=13776, stack(0x00000000584c0000,0x00000000585c0000)]
  0x000000000263e800 JavaThread "main" [_thread_blocked, id=13608, stack(0x0000000002680000,0x0000000002780000)]

Other Threads:
  0x00000000025df800 VMThread [stack: 0x00000000582b0000,0x00000000583b0000] [id=13732]
  0x00000000573d2800 WatcherThread [stack: 0x0000000058f60000,0x0000000059060000] [id=13836]

VM state:not at safepoint (normal execution)

VM Mutex/Monitor currently owned by a thread: None

Heap:
 PSYoungGen      total 38400K, used 15999K [0x00000000eab00000, 0x00000000ed580000, 0x0000000100000000)
  eden space 33280K, 48% used [0x00000000eab00000,0x00000000eba9ff10,0x00000000ecb80000)
  from space 5120K, 0% used [0x00000000ed080000,0x00000000ed080000,0x00000000ed580000)
  to   space 5120K, 0% used [0x00000000ecb80000,0x00000000ecb80000,0x00000000ed080000)
 ParOldGen       total 87552K, used 0K [0x00000000c0000000, 0x00000000c5580000, 0x00000000eab00000)
  object space 87552K, 0% used [0x00000000c0000000,0x00000000c0000000,0x00000000c5580000)
 Metaspace       used 5676K, capacity 6640K, committed 6784K, reserved 1056768K
  class space    used 575K, capacity 616K, committed 640K, reserved 1048576K

Card table byte_map: [0x0000000011c30000,0x0000000011e40000] byte_map_base: 0x0000000011630000

Marking Bits: (ParMarkBitMap*) 0x0000000056dc9d00
 Begin Bits: [0x0000000012c50000, 0x0000000013c50000)
 End Bits:   [0x0000000013c50000, 0x0000000014c50000)

Polling page: 0x0000000000250000

CodeCache: size=245760Kb used=2181Kb max_used=2192Kb free=243578Kb
 bounds [0x0000000002870000, 0x0000000002ae0000, 0x0000000011870000]
 total_blobs=830 nmethods=560 adapters=184
 compilation: enabled

Compilation events (10 events):
Event: 5.985 Thread 0x000000005735c000  593       4       java.util.BitSet::set (58 bytes)
Event: 5.985 Thread 0x000000005734a000  596   !   4       com.android.dx.util.FixedSizeList::<init> (36 bytes)
Event: 5.986 Thread 0x000000005734a000 nmethod 596 0x0000000002a91ad0 code [0x0000000002a91c20, 0x0000000002a91d58]
Event: 5.986 Thread 0x000000005734a000  597       4       com.android.dx.ssa.NormalSsaInsn::isNormalMoveInsn (20 bytes)
Event: 5.987 Thread 0x000000005734a000 nmethod 597 0x0000000002a8e8d0 code [0x0000000002a8ea00, 0x0000000002a8ea78]
Event: 5.987 Thread 0x000000005735c000 nmethod 593 0x0000000002a900d0 code [0x0000000002a90220, 0x0000000002a90388]
Event: 5.987 Thread 0x000000005734a000  598       4       com.android.dx.util.MutabilityControl::<init> (10 bytes)
Event: 5.987 Thread 0x000000005734a000 nmethod 598 0x0000000002a85250 code [0x0000000002a85380, 0x0000000002a853d8]
Event: 5.987 Thread 0x000000005735c000  600       4       com.android.dx.ssa.SsaBasicBlock::forEachInsn (37 bytes)
Event: 5.988 Thread 0x000000005734a000  601       4       com.android.dx.ssa.SsaBasicBlock::isReachable (29 bytes)

GC Heap History (0 events):
No events

Deoptimization events (2 events):
Event: 3.770 Thread 0x000000000263e800 Uncommon trap: reason=unstable_if action=reinterpret pc=0x00000000029b5284 method=java.lang.String.indexOf(II)I @ 49
Event: 5.957 Thread 0x000000005761f800 Uncommon trap: reason=unstable_if action=reinterpret pc=0x0000000002a79394 method=java.util.HashMap.getNode(ILjava/lang/Object;)Ljava/util/HashMap$Node; @ 129

Internal exceptions (2 events):
Event: 0.137 Thread 0x000000000263e800 Exception <a 'java/lang/NoSuchMethodError': Method sun.misc.Unsafe.defineClass(Ljava/lang/String;[BII)Ljava/lang/Class; name or signature does not match> (0x00000000eab07cc0) thrown at [C:\src\android\AOSP-openjdk\external\jetbrains\jdk\hotspot\src\share\v‹~w‘¢ó¡?
Event: 0.137 Thread 0x000000000263e800 Exception <a 'java/lang/NoSuchMethodError': Method sun.misc.Unsafe.prefetchRead(Ljava/lang/Object;J)V name or signature does not match> (0x00000000eab07fa8) thrown at [C:\src\android\AOSP-openjdk\external\jetbrains\jdk\hotspot\src\share\vm\prims\jni.cpp, l

Events (10 events):
Event: 5.957 Thread 0x000000005761f800 DEOPT PACKING pc=0x0000000002a79394 sp=0x00000000593ce7e0
Event: 5.957 Thread 0x000000005761f800 DEOPT UNPACKING pc=0x00000000028b556a sp=0x00000000593ce758 mode 2
Event: 5.980 Thread 0x0000000057524000 DEOPT PACKING pc=0x0000000002a86e55 sp=0x0000000058efe610
Event: 5.980 Thread 0x0000000057524000 DEOPT UNPACKING pc=0x00000000028b75bf sp=0x0000000058efe340 mode 0
Event: 5.981 Thread 0x0000000057524000 DEOPT PACKING pc=0x0000000002a86e55 sp=0x0000000058efe5e0
Event: 5.981 Thread 0x0000000057524000 DEOPT UNPACKING pc=0x00000000028b75bf sp=0x0000000058efe310 mode 0
Event: 5.983 Thread 0x0000000057524000 DEOPT PACKING pc=0x0000000002a86e55 sp=0x0000000058efe600
Event: 5.983 Thread 0x0000000057524000 DEOPT UNPACKING pc=0x00000000028b75bf sp=0x0000000058efe330 mode 0
Event: 5.984 Thread 0x0000000057524000 DEOPT PACKING pc=0x0000000002a86e55 sp=0x0000000058efe600
Event: 5.984 Thread 0x0000000057524000 DEOPT UNPACKING pc=0x00000000028b75bf sp=0x0000000058efe330 mode 0


Dynamic libraries:
0x000000013fd90000 - 0x000000013fdc1000 	D:\soft\jre\bin\java.exe
0x0000000076fb0000 - 0x000000007715a000 	C:\Windows\SYSTEM32\ntdll.dll
0x0000000076e90000 - 0x0000000076faf000 	C:\Windows\system32\kernel32.dll
0x000007fefcd00000 - 0x000007fefcd6a000 	C:\Windows\system32\KERNELBASE.dll
0x000007fefd4e0000 - 0x000007fefd5bb000 	C:\Windows\system32\ADVAPI32.dll
0x000007fefd7a0000 - 0x000007fefd83f000 	C:\Windows\system32\msvcrt.dll
0x000007fefea70000 - 0x000007fefea8f000 	C:\Windows\SYSTEM32\sechost.dll
0x000007fefeb10000 - 0x000007fefec3d000 	C:\Windows\system32\RPCRT4.dll
0x0000000076d90000 - 0x0000000076e8a000 	C:\Windows\system32\USER32.dll
0x000007fefe7b0000 - 0x000007fefe817000 	C:\Windows\system32\GDI32.dll
0x000007fefd2c0000 - 0x000007fefd2ce000 	C:\Windows\system32\LPK.dll
0x000007feff1f0000 - 0x000007feff2ba000 	C:\Windows\system32\USP10.dll
0x000007fefb5d0000 - 0x000007fefb7c4000 	C:\Windows\WinSxS\amd64_microsoft.windows.common-controls_6595b64144ccf1df_6.0.7601.18837_none_fa3b1e3d17594757\COMCTL32.dll
0x000007fefe730000 - 0x000007fefe7a1000 	C:\Windows\system32\SHLWAPI.dll
0x000007fefcb20000 - 0x000007fefcb77000 	C:\Windows\system32\apphelp.dll
0x000007fee3e00000 - 0x000007fee3e51000 	C:\Windows\AppPatch\AppPatch64\AcGenral.DLL
0x000007fefc8f0000 - 0x000007fefc915000 	C:\Windows\system32\SspiCli.dll
0x000007fefd2d0000 - 0x000007fefd4d3000 	C:\Windows\system32\ole32.dll
0x000007fefd8e0000 - 0x000007fefe66c000 	C:\Windows\system32\SHELL32.dll
0x000000005efb0000 - 0x000000005efb3000 	C:\Windows\system32\sfc.dll
0x000007fef6bb0000 - 0x000007fef6bc0000 	C:\Windows\system32\sfc_os.DLL
0x000007fefcd80000 - 0x000007fefcd9e000 	C:\Windows\system32\USERENV.dll
0x000007fefccf0000 - 0x000007fefccff000 	C:\Windows\system32\profapi.dll
0x000007fefafc0000 - 0x000007fefafd8000 	C:\Windows\system32\dwmapi.dll
0x000007fef7160000 - 0x000007fef7178000 	C:\Windows\system32\MPR.dll
0x000007fefd0a0000 - 0x000007fefd0ce000 	C:\Windows\system32\IMM32.DLL
0x000007fefd1b0000 - 0x000007fefd2b9000 	C:\Windows\system32\MSCTF.dll
0x000000006c6b0000 - 0x000000006c782000 	D:\soft\jre\jre\bin\msvcr100.dll
0x0000000056610000 - 0x0000000056e44000 	D:\soft\jre\jre\bin\server\jvm.dll
0x000007fef87e0000 - 0x000007fef87e9000 	C:\Windows\system32\WSOCK32.dll
0x000007fefe880000 - 0x000007fefe8cd000 	C:\Windows\system32\WS2_32.dll
0x000007fefe8d0000 - 0x000007fefe8d8000 	C:\Windows\system32\NSI.dll
0x000007fef8b90000 - 0x000007fef8bcb000 	C:\Windows\system32\WINMM.dll
0x000007fefc030000 - 0x000007fefc03c000 	C:\Windows\system32\VERSION.dll
0x0000000077180000 - 0x0000000077187000 	C:\Windows\system32\PSAPI.DLL
0x000007feef7e0000 - 0x000007feef7ef000 	D:\soft\jre\jre\bin\verify.dll
0x000007feeb910000 - 0x000007feeb939000 	D:\soft\jre\jre\bin\java.dll
0x000007fee6450000 - 0x000007fee6466000 	D:\soft\jre\jre\bin\zip.dll

VM Arguments:
jvm_args: -Djava.awt.headless=true -Xmx1024M -Dfile.encoding=GBK -Duser.country=CN -Duser.language=zh -Duser.variant 
java_command: com.android.dx.command.Main --dex --verbose --force-jumbo --num-threads=4 --output D:\AndroidStudioProjects\MobilePlayer2\app\build\intermediates\pre-dexed\debug\com.android.support-support-vector-drawable-23.3.0_feae3a6cc755688fbcb64fae7143f41fa0e924db.jar D:\AndroidStudioProjects\MobilePlayer2\app\build\intermediates\exploded-aar\com.android.support\support-vector-drawable\23.3.0\jars\classes.jar
java_class_path (initial): D:\AndroidSDK\sdk\build-tools\23.0.3\lib\dx.jar
Launcher Type: SUN_STANDARD

Environment Variables:
JAVA_HOME=D:\Program Files\Java\jdk1.7.0_67
CLASSPATH=.;D:\Program Files\Java\jdk1.7.0_67\lib;D:\Program Files\Java\jdk1.7.0_67\lib\tools.jar;D:\Program Files\Java\jdk1.7.0_67\lib\dt.jar;
PATH=   C:\ProgramData\Oracle\Java\javapath;C:\Windows\system32;C:\Windows;C:\Windows\System32\Wbem;C:\Windows\System32\WindowsPowerShell\v1.0\; D:\ORACLE\instantclient_11_2;D:\Program Files\Java\jdk1.7.0_67\bin;D:\Program Files\Java\jdk1.7.0_67\jre\bin;D:\newproject\soft\grails-1.3.7\bin\bin;D:\Program Files\nodejs\;D:\Program Files (x86)\Git\bin;C:\Users\Administrator\AppData\Roaming\npm\node_modules\ant\ant\bin;D:\AndroidSDK\sdk\platform-tools;D:\AndroidSDK\sdk\tools;C:\Users\Administrator\AppData\Roaming\npm;D:\AndroidSDK\android-ndk-r10e
USERNAME=Administrator
OS=Windows_NT
PROCESSOR_IDENTIFIER=Intel64 Family 6 Model 60 Stepping 3, GenuineIntel



---------------  S Y S T E M  ---------------

OS: Windows 7 , 64 bit Build 7601 (6.1.7601.23569)

CPU:total 8 (4 cores per cpu, 2 threads per core) family 6 model 60 stepping 3, cmov, cx8, fxsr, mmx, sse, sse2, sse3, ssse3, sse4.1, sse4.2, popcnt, avx, avx2, aes, clmul, erms, lzcnt, ht, tsc, tscinvbit, bmi1, bmi2

Memory: 4k page, physical 8275812k(1073636k free), swap 8275812k(4900k free)

vm_info: OpenJDK 64-Bit Server VM (25.76-b03) for windows-amd64 JRE (1.8.0_76-release-b03), built on Jun 29 2016 19:09:20 by "ralucas" with MS VC++ 10.0 (VS2010)

time: Tue Jan 17 17:51:08 2017
elapsed time: 6 seconds (0d 0h 0m 6s)

