#
# A fatal error has been detected by the Java Runtime Environment:
#
#  EXCEPTION_ACCESS_VIOLATION (0xc0000005) at pc=0x00000000567faeb7, pid=13624, tid=0x0000000000003598
#
# JRE version:  (8.0_76-b03) (build )
# Java VM: OpenJDK 64-Bit Server VM (25.76-b03 mixed mode windows-amd64 compressed oops)
# Problematic frame:
# V  [jvm.dll+0x1eaeb7]
#
# Failed to write core dump. Minidumps are not enabled by default on client versions of Windows
#
# If you would like to submit a bug report, please visit:
#   http://bugreport.java.com/bugreport/crash.jsp
#

---------------  T H R E A D  ---------------

Current thread (0x00000000557a4800):  JavaThread "Reference Handler" daemon [_thread_in_vm, id=13720, stack(0x0000000058160000,0x0000000058260000)]

siginfo: ExceptionCode=0xc0000005, writing address 0x0000000058259200

Registers:
RAX=0x0000000058259200, RBX=0x0000000000000007, RCX=0x0000000000006000, RDX=0x0000000000000006
RSP=0x000000005825f200, RBP=0x0000000000000000, RSI=0x000000005825f200, RDI=0x0000000000000007
R8 =0x0000000000000006, R9 =0x0000000002774360, R10=0x0000000054e8c808, R11=0x000000005816a148
R12=0x0000000002774360, R13=0x00000000557a4800, R14=0x000000005825f2c8, R15=0x0000000054e8c808
RIP=0x00000000567faeb7, EFLAGS=0x0000000000010206

Top of Stack: (sp=0x000000005825f200)
0x000000005825f200:   0000000000000138 00000000557a5328
0x000000005825f210:   00000000557a4800 0000000002774360
0x000000005825f220:   00000000ffffffff 00000000567fbde7
0x000000005825f230:   000000005825f330 0000000054e8c808
0x000000005825f240:   00000000557a4800 00000000566aaa53
0x000000005825f250:   000000005825f290 00000000557a4800
0x000000005825f260:   000000005825f320 00000000557a4800
0x000000005825f270:   0000000054e8c808 00000000557a4800
0x000000005825f280:   0000000002980e00 00000000557a4800
0x000000005825f290:   0000000054e8c808 00000000557a4800
0x000000005825f2a0:   0000000054ded900 00000000557a4800
0x000000005825f2b0:   0000000000000001 0000000054e8c808
0x000000005825f2c0:   00000000557a4800 00000000006ff4e0
0x000000005825f2d0:   00000000557a4800 00000000566abf3d
0x000000005825f2e0:   000000005825f5e8 0000000014dc66b0
0x000000005825f2f0:   0000000014dd69f8 00000000557a58d0 

Instructions: (pc=0x00000000567faeb7)
0x00000000567fae97:   48 89 6c 24 30 33 ed 66 90 e8 4b b8 07 00 ff c3
0x00000000567faea7:   48 63 c8 48 8b c6 48 0f af cf 48 ff c7 48 2b c1
0x00000000567faeb7:   89 28 48 63 c3 48 3b 05 cd d6 56 00 7e db 48 8b
0x00000000567faec7:   6c 24 30 48 8b 5c 24 38 48 8b 74 24 40 48 83 c4 


Register to memory mapping:

RAX=0x0000000058259200 is pointing into the stack for thread: 0x00000000557a4800
RBX=0x0000000000000007 is an unknown value
RCX=0x0000000000006000 is an unknown value
RDX=0x0000000000000006 is an unknown value
RSP=0x000000005825f200 is pointing into the stack for thread: 0x00000000557a4800
RBP=0x0000000000000000 is an unknown value
RSI=0x000000005825f200 is pointing into the stack for thread: 0x00000000557a4800
RDI=0x0000000000000007 is an unknown value
R8 =0x0000000000000006 is an unknown value
R9 =0x0000000002774360 is an unknown value
R10={method} {0x0000000054e8c810} 'run' '()V' in 'java/lang/ref/Reference$ReferenceHandler'
R11=0x000000005816a148 is pointing into the stack for thread: 0x00000000557a4800
R12=0x0000000002774360 is an unknown value
R13=0x00000000557a4800 is a thread
R14=0x000000005825f2c8 is pointing into the stack for thread: 0x00000000557a4800
R15={method} {0x0000000054e8c810} 'run' '()V' in 'java/lang/ref/Reference$ReferenceHandler'


Stack: [0x0000000058160000,0x0000000058260000],  sp=0x000000005825f200,  free space=1020k
Native frames: (J=compiled Java code, j=interpreted, Vv=VM code, C=native code)


---------------  P R O C E S S  ---------------

Java Threads: ( => current thread )
=>0x00000000557a4800 JavaThread "Reference Handler" daemon [_thread_in_vm, id=13720, stack(0x0000000058160000,0x0000000058260000)]
  0x00000000006fe800 JavaThread "main" [_thread_in_vm, id=13500, stack(0x0000000002870000,0x0000000002970000)]

Other Threads:
  0x00000000027bf800 VMThread [stack: 0x0000000058040000,0x0000000058140000] [id=13716]

VM state:not at safepoint (normal execution)

VM Mutex/Monitor currently owned by a thread:  ([mutex/lock_event])
[0x00000000006fbf00] SymbolTable_lock - owner thread: 0x00000000006fe800

Heap:
 PSYoungGen      total 38400K, used 665K [0x00000000eab00000, 0x00000000ed580000, 0x0000000100000000)
  eden space 33280K, 2% used [0x00000000eab00000,0x00000000eaba6670,0x00000000ecb80000)
  from space 5120K, 0% used [0x00000000ed080000,0x00000000ed080000,0x00000000ed580000)
  to   space 5120K, 0% used [0x00000000ecb80000,0x00000000ecb80000,0x00000000ed080000)
 ParOldGen       total 87552K, used 0K [0x00000000c0000000, 0x00000000c5580000, 0x00000000eab00000)
  object space 87552K, 0% used [0x00000000c0000000,0x00000000c0000000,0x00000000c5580000)
 Metaspace       used 1022K, capacity 4480K, committed 4480K, reserved 1056768K
  class space    used 107K, capacity 384K, committed 384K, reserved 1048576K

Card table byte_map: [0x0000000011d30000,0x0000000011f40000] byte_map_base: 0x0000000011730000

Marking Bits: (ParMarkBitMap*) 0x0000000056dc9d00
 Begin Bits: [0x0000000012bc0000, 0x0000000013bc0000)
 End Bits:   [0x0000000013bc0000, 0x0000000014bc0000)

Polling page: 0x0000000000140000

CodeCache: size=245760Kb used=396Kb max_used=396Kb free=245363Kb
 bounds [0x0000000002970000, 0x0000000002be0000, 0x0000000011970000]
 total_blobs=89 nmethods=0 adapters=64
 compilation: enabled

Compilation events (0 events):
No events

GC Heap History (0 events):
No events

Deoptimization events (0 events):
No events

Internal exceptions (0 events):
No events

Events (10 events):
Event: 0.072 loading class java/util/Collections$UnmodifiableRandomAccessList done
Event: 0.072 loading class java/lang/ref/ReferenceQueue
Event: 0.072 loading class java/lang/ref/ReferenceQueue done
Event: 0.072 loading class java/lang/ref/ReferenceQueue$Null
Event: 0.072 loading class java/lang/ref/ReferenceQueue$Null done
Event: 0.072 loading class java/lang/ref/ReferenceQueue$Lock
Event: 0.073 loading class java/lang/ref/ReferenceQueue$Lock done
Event: 0.073 Thread 0x00000000557a4800 Thread added: 0x00000000557a4800
Event: 0.073 loading class java/lang/ref/Reference$1
Event: 0.073 loading class sun/misc/JavaLangRefAccess


Dynamic libraries:
0x000000013fd90000 - 0x000000013fdc1000 	D:\soft\jre\bin\java.exe
0x0000000076fb0000 - 0x000000007715a000 	C:\Windows\SYSTEM32\ntdll.dll
0x0000000076e90000 - 0x0000000076faf000 	C:\Windows\system32\kernel32.dll
0x000007fefcd00000 - 0x000007fefcd6a000 	C:\Windows\system32\KERNELBASE.dll
0x000007fefd4e0000 - 0x000007fefd5bb000 	C:\Windows\system32\ADVAPI32.dll
0x000007fefd7a0000 - 0x000007fefd83f000 	C:\Windows\system32\msvcrt.dll
0x000007fefea70000 - 0x000007fefea8f000 	C:\Windows\SYSTEM32\sechost.dll
0x000007fefeb10000 - 0x000007fefec3d000 	C:\Windows\system32\RPCRT4.dll
0x0000000076d90000 - 0x0000000076e8a000 	C:\Windows\system32\USER32.dll
0x000007fefe7b0000 - 0x000007fefe817000 	C:\Windows\system32\GDI32.dll
0x000007fefd2c0000 - 0x000007fefd2ce000 	C:\Windows\system32\LPK.dll
0x000007feff1f0000 - 0x000007feff2ba000 	C:\Windows\system32\USP10.dll
0x000007fefb5d0000 - 0x000007fefb7c4000 	C:\Windows\WinSxS\amd64_microsoft.windows.common-controls_6595b64144ccf1df_6.0.7601.18837_none_fa3b1e3d17594757\COMCTL32.dll
0x000007fefe730000 - 0x000007fefe7a1000 	C:\Windows\system32\SHLWAPI.dll
0x000007fefcb20000 - 0x000007fefcb77000 	C:\Windows\system32\apphelp.dll
0x000007fee3e00000 - 0x000007fee3e51000 	C:\Windows\AppPatch\AppPatch64\AcGenral.DLL
0x000007fefc8f0000 - 0x000007fefc915000 	C:\Windows\system32\SspiCli.dll
0x000007fefd2d0000 - 0x000007fefd4d3000 	C:\Windows\system32\ole32.dll
0x000007fefd8e0000 - 0x000007fefe66c000 	C:\Windows\system32\SHELL32.dll
0x000000005efb0000 - 0x000000005efb3000 	C:\Windows\system32\sfc.dll
0x000007fef6bb0000 - 0x000007fef6bc0000 	C:\Windows\system32\sfc_os.DLL
0x000007fefcd80000 - 0x000007fefcd9e000 	C:\Windows\system32\USERENV.dll
0x000007fefccf0000 - 0x000007fefccff000 	C:\Windows\system32\profapi.dll
0x000007fefafc0000 - 0x000007fefafd8000 	C:\Windows\system32\dwmapi.dll
0x000007fef7160000 - 0x000007fef7178000 	C:\Windows\system32\MPR.dll
0x000007fefd0a0000 - 0x000007fefd0ce000 	C:\Windows\system32\IMM32.DLL
0x000007fefd1b0000 - 0x000007fefd2b9000 	C:\Windows\system32\MSCTF.dll
0x000000006c6b0000 - 0x000000006c782000 	D:\soft\jre\jre\bin\msvcr100.dll
0x0000000056610000 - 0x0000000056e44000 	D:\soft\jre\jre\bin\server\jvm.dll
0x000007fef87e0000 - 0x000007fef87e9000 	C:\Windows\system32\WSOCK32.dll
0x000007fefe880000 - 0x000007fefe8cd000 	C:\Windows\system32\WS2_32.dll
0x000007fefe8d0000 - 0x000007fefe8d8000 	C:\Windows\system32\NSI.dll
0x000007fef8b90000 - 0x000007fef8bcb000 	C:\Windows\system32\WINMM.dll
0x000007fefc030000 - 0x000007fefc03c000 	C:\Windows\system32\VERSION.dll
0x0000000077180000 - 0x0000000077187000 	C:\Windows\system32\PSAPI.DLL
0x000007feef7e0000 - 0x000007feef7ef000 	D:\soft\jre\jre\bin\verify.dll
0x000007feeb910000 - 0x000007feeb939000 	D:\soft\jre\jre\bin\java.dll
0x000007fee6450000 - 0x000007fee6466000 	D:\soft\jre\jre\bin\zip.dll

VM Arguments:
jvm_args: -Djava.awt.headless=true -Xmx1024M -Dfile.encoding=GBK -Duser.country=CN -Duser.language=zh -Duser.variant 
java_command: com.android.dx.command.Main --dex --verbose --force-jumbo --num-threads=4 --output D:\AndroidStudioProjects\MobilePlayer2\app\build\intermediates\pre-dexed\debug\universal-image-loader-1.9.4_9ea8fb5385fe07db6288a8746eb2660897f432c0.jar C:\Users\Administrator\.gradle\caches\modules-2\files-2.1\com.nostra13.universalimageloader\universal-image-loader\1.9.4\dd9eeb557650c4ad7394df23f0f5cf27a7cfc697\universal-image-loader-1.9.4.jar
java_class_path (initial): D:\AndroidSDK\sdk\build-tools\23.0.3\lib\dx.jar
Launcher Type: SUN_STANDARD

Environment Variables:
JAVA_HOME=D:\Program Files\Java\jdk1.7.0_67
CLASSPATH=.;D:\Program Files\Java\jdk1.7.0_67\lib;D:\Program Files\Java\jdk1.7.0_67\lib\tools.jar;D:\Program Files\Java\jdk1.7.0_67\lib\dt.jar;
PATH=   C:\ProgramData\Oracle\Java\javapath;C:\Windows\system32;C:\Windows;C:\Windows\System32\Wbem;C:\Windows\System32\WindowsPowerShell\v1.0\; D:\ORACLE\instantclient_11_2;D:\Program Files\Java\jdk1.7.0_67\bin;D:\Program Files\Java\jdk1.7.0_67\jre\bin;D:\newproject\soft\grails-1.3.7\bin\bin;D:\Program Files\nodejs\;D:\Program Files (x86)\Git\bin;C:\Users\Administrator\AppData\Roaming\npm\node_modules\ant\ant\bin;D:\AndroidSDK\sdk\platform-tools;D:\AndroidSDK\sdk\tools;C:\Users\Administrator\AppData\Roaming\npm;D:\AndroidSDK\android-ndk-r10e
USERNAME=Administrator
OS=Windows_NT
PROCESSOR_IDENTIFIER=Intel64 Family 6 Model 60 Stepping 3, GenuineIntel



---------------  S Y S T E M  ---------------

OS: Windows 7 , 64 bit Build 7601 (6.1.7601.23569)

CPU:total 8 (4 cores per cpu, 2 threads per core) family 6 model 60 stepping 3, cmov, cx8, fxsr, mmx, sse, sse2, sse3, ssse3, sse4.1, sse4.2, popcnt, avx, avx2, aes, clmul, erms, lzcnt, ht, tsc, tscinvbit, bmi1, bmi2

Memory: 4k page, physical 8275812k(1070796k free), swap 8275812k(4520k free)

vm_info: OpenJDK 64-Bit Server VM (25.76-b03) for windows-amd64 JRE (1.8.0_76-release-b03), built on Jun 29 2016 19:09:20 by "ralucas" with MS VC++ 10.0 (VS2010)

time: Tue Jan 17 17:51:14 2017
elapsed time: 0 seconds (0d 0h 0m 0s)

