#
# There is insufficient memory for the Java Runtime Environment to continue.
# Native memory allocation (malloc) failed to allocate 244736 bytes for Chunk::new
# Possible reasons:
#   The system is out of physical RAM or swap space
#   In 32 bit mode, the process size limit was hit
# Possible solutions:
#   Reduce memory load on the system
#   Increase physical memory or swap space
#   Check if swap backing store is full
#   Use 64 bit Java on a 64 bit OS
#   Decrease Java heap size (-Xmx/-Xms)
#   Decrease number of Java threads
#   Decrease Java thread stack sizes (-Xss)
#   Set larger code cache with -XX:ReservedCodeCacheSize=
# This output file may be truncated or incomplete.
#
#  Out of Memory Error (allocation.cpp:390), pid=12364, tid=0x0000000000003108
#
# JRE version: OpenJDK Runtime Environment (8.0_76-b03) (build 1.8.0_76-release-b03)
# Java VM: OpenJDK 64-Bit Server VM (25.76-b03 mixed mode windows-amd64 compressed oops)
# Failed to write core dump. Minidumps are not enabled by default on client versions of Windows
#

---------------  T H R E A D  ---------------

Current thread (0x0000000056b81800):  JavaThread "C2 CompilerThread1" daemon [_thread_in_native, id=12552, stack(0x00000000586b0000,0x00000000587b0000)]

Stack: [0x00000000586b0000,0x00000000587b0000]
[error occurred during error reporting (printing stack bounds), id 0xc0000005]

Native frames: (J=compiled Java code, j=interpreted, Vv=VM code, C=native code)


Current CompileTask:
C2:   1804 1980       4       com.android.dx.ssa.SsaMethod::mapRegisters (87 bytes)


---------------  P R O C E S S  ---------------

Java Threads: ( => current thread )
  0x0000000058d4c000 JavaThread "pool-1-thread-4" [_thread_in_native_trans, id=12640, stack(0x0000000059950000,0x0000000059a50000)]
  0x0000000058d8f000 JavaThread "pool-1-thread-3" [_thread_in_Java, id=12636, stack(0x00000000596c0000,0x00000000597c0000)]
  0x0000000058d8d800 JavaThread "pool-1-thread-2" [_thread_blocked, id=12632, stack(0x0000000058000000,0x0000000058100000)]
  0x0000000056e93000 JavaThread "pool-2-thread-1" [_thread_blocked, id=12628, stack(0x00000000594f0000,0x00000000595f0000)]
  0x0000000058ced000 JavaThread "pool-1-thread-1" [_thread_in_Java, id=12624, stack(0x0000000058900000,0x0000000058a00000)]
  0x0000000056c1c800 JavaThread "Service Thread" daemon [_thread_blocked, id=12572, stack(0x0000000058a10000,0x0000000058b10000)]
  0x0000000056b97000 JavaThread "C1 CompilerThread3" daemon [_thread_in_native, id=12568, stack(0x00000000587d0000,0x00000000588d0000)]
  0x0000000056b8d800 JavaThread "C2 CompilerThread2" daemon [_thread_in_native, id=12556, stack(0x00000000583d0000,0x00000000584d0000)]
=>0x0000000056b81800 JavaThread "C2 CompilerThread1" daemon [_thread_in_native, id=12552, stack(0x00000000586b0000,0x00000000587b0000)]
  0x0000000056b7a000 JavaThread "C2 CompilerThread0" daemon [_thread_in_native, id=12540, stack(0x00000000584e0000,0x00000000585e0000)]
  0x0000000056b6e000 JavaThread "Attach Listener" daemon [_thread_blocked, id=12536, stack(0x00000000582c0000,0x00000000583c0000)]
  0x0000000056b6d000 JavaThread "Signal Dispatcher" daemon [_thread_blocked, id=12528, stack(0x0000000058110000,0x0000000058210000)]
  0x000000005599e000 JavaThread "Finalizer" daemon [_thread_blocked, id=12520, stack(0x0000000057f00000,0x0000000058000000)]
  0x0000000055997000 JavaThread "Reference Handler" daemon [_thread_blocked, id=12508, stack(0x0000000057d50000,0x0000000057e50000)]
  0x000000000269e800 JavaThread "main" [_thread_in_Java, id=12428, stack(0x0000000002900000,0x0000000002a00000)]

Other Threads:
  0x0000000055990000 VMThread [stack: 0x0000000057ba0000,0x0000000057ca0000] [id=12504]
  0x0000000056bef800 WatcherThread [stack: 0x0000000058b80000,0x0000000058c80000] [id=12576]

VM state:not at safepoint (normal execution)

VM Mutex/Monitor currently owned by a thread: None

Heap:
 PSYoungGen      total 138240K, used 68507K [0x00000000eab00000, 0x00000000f3700000, 0x0000000100000000)
  eden space 133120K, 47% used [0x00000000eab00000,0x00000000ee8ece78,0x00000000f2d00000)
  from space 5120K, 99% used [0x00000000f3200000,0x00000000f36f9ef8,0x00000000f3700000)
  to   space 5120K, 0% used [0x00000000f2d00000,0x00000000f2d00000,0x00000000f3200000)
 ParOldGen       total 87552K, used 24435K [0x00000000c0000000, 0x00000000c5580000, 0x00000000eab00000)
  object space 87552K, 27% used [0x00000000c0000000,0x00000000c17dcf10,0x00000000c5580000)
 Metaspace       used 6374K, capacity 7152K, committed 7296K, reserved 1056768K
  class space    used 581K, capacity 616K, committed 640K, reserved 1048576K

Card table byte_map: [0x0000000011dc0000,0x0000000011fd0000] byte_map_base: 0x00000000117c0000

Marking Bits: (ParMarkBitMap*) 0x0000000068509d00
 Begin Bits: [0x0000000012db0000, 0x0000000013db0000)
 End Bits:   [0x0000000013db0000, 0x0000000014db0000)

Polling page: 0x0000000000140000

CodeCache: size=245760Kb used=7345Kb max_used=7357Kb free=238414Kb
 bounds [0x0000000002a00000, 0x0000000003140000, 0x0000000011a00000]
 total_blobs=2210 nmethods=1939 adapters=184
 compilation: enabled

Compilation events (10 events):
Event: 1.782 Thread 0x0000000056b97000 2016       2       com.android.dx.cf.code.LocalVariableList::mergeDescriptorsAndSignatures (80 bytes)
Event: 1.783 Thread 0x0000000056b97000 nmethod 2016 0x000000000312d590 code [0x000000000312d7a0, 0x000000000312df38]
Event: 1.783 Thread 0x0000000056b97000 2017       2       com.android.dx.cf.code.LocalVariableList::<init> (6 bytes)
Event: 1.783 Thread 0x0000000056b97000 nmethod 2017 0x000000000311a210 code [0x000000000311a380, 0x000000000311a4e8]
Event: 1.797 Thread 0x0000000056b97000 2020       2       com.android.dx.dex.file.AnnotationsDirectoryItem::addMethodAnnotations (44 bytes)
Event: 1.797 Thread 0x0000000056b97000 nmethod 2020 0x0000000003119910 code [0x0000000003119aa0, 0x0000000003119ec8]
Event: 1.798 Thread 0x0000000056b81800 nmethod 2006 0x0000000003132950 code [0x0000000003132ba0, 0x0000000003133e30]
Event: 1.798 Thread 0x0000000056b81800 1980       4       com.android.dx.ssa.SsaMethod::mapRegisters (87 bytes)
Event: 1.798 Thread 0x0000000056b97000 2021       2       com.android.dx.cf.code.ByteCatchList$Item::<init> (69 bytes)
Event: 1.798 Thread 0x0000000056b97000 nmethod 2021 0x0000000003132290 code [0x0000000003132420, 0x0000000003132788]

GC Heap History (8 events):
Event: 0.576 GC heap before
{Heap before GC invocations=1 (full 0):
 PSYoungGen      total 38400K, used 33280K [0x00000000eab00000, 0x00000000ed580000, 0x0000000100000000)
  eden space 33280K, 100% used [0x00000000eab00000,0x00000000ecb80000,0x00000000ecb80000)
  from space 5120K, 0% used [0x00000000ed080000,0x00000000ed080000,0x00000000ed580000)
  to   space 5120K, 0% used [0x00000000ecb80000,0x00000000ecb80000,0x00000000ed080000)
 ParOldGen       total 87552K, used 0K [0x00000000c0000000, 0x00000000c5580000, 0x00000000eab00000)
  object space 87552K, 0% used [0x00000000c0000000,0x00000000c0000000,0x00000000c5580000)
 Metaspace       used 5861K, capacity 6832K, committed 7040K, reserved 1056768K
  class space    used 578K, capacity 616K, committed 640K, reserved 1048576K
Event: 0.676 GC heap after
Heap after GC invocations=1 (full 0):
 PSYoungGen      total 38400K, used 5088K [0x00000000eab00000, 0x00000000ef600000, 0x0000000100000000)
  eden space 33280K, 0% used [0x00000000eab00000,0x00000000eab00000,0x00000000ecb80000)
  from space 5120K, 99% used [0x00000000ecb80000,0x00000000ed078258,0x00000000ed080000)
  to   space 5120K, 0% used [0x00000000ef100000,0x00000000ef100000,0x00000000ef600000)
 ParOldGen       total 87552K, used 1177K [0x00000000c0000000, 0x00000000c5580000, 0x00000000eab00000)
  object space 87552K, 1% used [0x00000000c0000000,0x00000000c01266c0,0x00000000c5580000)
 Metaspace       used 5861K, capacity 6832K, committed 7040K, reserved 1056768K
  class space    used 578K, capacity 616K, committed 640K, reserved 1048576K
}
Event: 0.944 GC heap before
{Heap before GC invocations=2 (full 0):
 PSYoungGen      total 38400K, used 38368K [0x00000000eab00000, 0x00000000ef600000, 0x0000000100000000)
  eden space 33280K, 100% used [0x00000000eab00000,0x00000000ecb80000,0x00000000ecb80000)
  from space 5120K, 99% used [0x00000000ecb80000,0x00000000ed078258,0x00000000ed080000)
  to   space 5120K, 0% used [0x00000000ef100000,0x00000000ef100000,0x00000000ef600000)
 ParOldGen       total 87552K, used 1177K [0x00000000c0000000, 0x00000000c5580000, 0x00000000eab00000)
  object space 87552K, 1% used [0x00000000c0000000,0x00000000c01266c0,0x00000000c5580000)
 Metaspace       used 6110K, capacity 7024K, committed 7296K, reserved 1056768K
  class space    used 580K, capacity 616K, committed 640K, reserved 1048576K
Event: 1.020 GC heap after
Heap after GC invocations=2 (full 0):
 PSYoungGen      total 71680K, used 5092K [0x00000000eab00000, 0x00000000ef600000, 0x0000000100000000)
  eden space 66560K, 0% used [0x00000000eab00000,0x00000000eab00000,0x00000000eec00000)
  from space 5120K, 99% used [0x00000000ef100000,0x00000000ef5f9228,0x00000000ef600000)
  to   space 5120K, 0% used [0x00000000eec00000,0x00000000eec00000,0x00000000ef100000)
 ParOldGen       total 87552K, used 4913K [0x00000000c0000000, 0x00000000c5580000, 0x00000000eab00000)
  object space 87552K, 5% used [0x00000000c0000000,0x00000000c04cc660,0x00000000c5580000)
 Metaspace       used 6110K, capacity 7024K, committed 7296K, reserved 1056768K
  class space    used 580K, capacity 616K, committed 640K, reserved 1048576K
}
Event: 1.289 GC heap before
{Heap before GC invocations=3 (full 0):
 PSYoungGen      total 71680K, used 71652K [0x00000000eab00000, 0x00000000ef600000, 0x0000000100000000)
  eden space 66560K, 100% used [0x00000000eab00000,0x00000000eec00000,0x00000000eec00000)
  from space 5120K, 99% used [0x00000000ef100000,0x00000000ef5f9228,0x00000000ef600000)
  to   space 5120K, 0% used [0x00000000eec00000,0x00000000eec00000,0x00000000ef100000)
 ParOldGen       total 87552K, used 4913K [0x00000000c0000000, 0x00000000c5580000, 0x00000000eab00000)
  object space 87552K, 5% used [0x00000000c0000000,0x00000000c04cc660,0x00000000c5580000)
 Metaspace       used 6246K, capacity 7152K, committed 7296K, reserved 1056768K
  class space    used 581K, capacity 616K, committed 640K, reserved 1048576K
Event: 1.330 GC heap after
Heap after GC invocations=3 (full 0):
 PSYoungGen      total 71680K, used 5095K [0x00000000eab00000, 0x00000000f3700000, 0x0000000100000000)
  eden space 66560K, 0% used [0x00000000eab00000,0x00000000eab00000,0x00000000eec00000)
  from space 5120K, 99% used [0x00000000eec00000,0x00000000ef0f9ef8,0x00000000ef100000)
  to   space 5120K, 0% used [0x00000000f3200000,0x00000000f3200000,0x00000000f3700000)
 ParOldGen       total 87552K, used 14312K [0x00000000c0000000, 0x00000000c5580000, 0x00000000eab00000)
  object space 87552K, 16% used [0x00000000c0000000,0x00000000c0dfa328,0x00000000c5580000)
 Metaspace       used 6246K, capacity 7152K, committed 7296K, reserved 1056768K
  class space    used 581K, capacity 616K, committed 640K, reserved 1048576K
}
Event: 1.540 GC heap before
{Heap before GC invocations=4 (full 0):
 PSYoungGen      total 71680K, used 71655K [0x00000000eab00000, 0x00000000f3700000, 0x0000000100000000)
  eden space 66560K, 100% used [0x00000000eab00000,0x00000000eec00000,0x00000000eec00000)
  from space 5120K, 99% used [0x00000000eec00000,0x00000000ef0f9ef8,0x00000000ef100000)
  to   space 5120K, 0% used [0x00000000f3200000,0x00000000f3200000,0x00000000f3700000)
 ParOldGen       total 87552K, used 14312K [0x00000000c0000000, 0x00000000c5580000, 0x00000000eab00000)
  object space 87552K, 16% used [0x00000000c0000000,0x00000000c0dfa328,0x00000000c5580000)
 Metaspace       used 6320K, capacity 7152K, committed 7296K, reserved 1056768K
  class space    used 581K, capacity 616K, committed 640K, reserved 1048576K
Event: 1.618 GC heap after
Heap after GC invocations=4 (full 0):
 PSYoungGen      total 138240K, used 5095K [0x00000000eab00000, 0x00000000f3700000, 0x0000000100000000)
  eden space 133120K, 0% used [0x00000000eab00000,0x00000000eab00000,0x00000000f2d00000)
  from space 5120K, 99% used [0x00000000f3200000,0x00000000f36f9ef8,0x00000000f3700000)
  to   space 5120K, 0% used [0x00000000f2d00000,0x00000000f2d00000,0x00000000f3200000)
 ParOldGen       total 87552K, used 24435K [0x00000000c0000000, 0x00000000c5580000, 0x00000000eab00000)
  object space 87552K, 27% used [0x00000000c0000000,0x00000000c17dcf10,0x00000000c5580000)
 Metaspace       used 6320K, capacity 7152K, committed 7296K, reserved 1056768K
  class space    used 581K, capacity 616K, committed 640K, reserved 1048576K
}

Deoptimization events (10 events):
Event: 1.415 Thread 0x0000000058d8d800 Uncommon trap: reason=bimorphic action=maybe_recompile pc=0x0000000003016ca4 method=com.android.dx.cf.code.BytecodeArray.parseInstruction(ILcom/android/dx/cf/code/BytecodeArray$Visitor;)I @ 1130
Event: 1.466 Thread 0x0000000058d8d800 Uncommon trap: reason=unstable_if action=reinterpret pc=0x0000000002ecbcd8 method=com.android.dx.ssa.SCCP.simulateStmt(Lcom/android/dx/ssa/SsaInsn;)V @ 53
Event: 1.473 Thread 0x0000000058d8d800 Uncommon trap: reason=bimorphic action=maybe_recompile pc=0x000000000306595c method=com.android.dx.rop.code.RegisterSpec.withSimpleType()Lcom/android/dx/rop/code/RegisterSpec; @ 21
Event: 1.473 Thread 0x0000000058d8d800 Uncommon trap: reason=class_check action=maybe_recompile pc=0x0000000002e74080 method=java.util.HashMap.putVal(ILjava/lang/Object;Ljava/lang/Object;ZZ)Ljava/lang/Object; @ 203
Event: 1.474 Thread 0x0000000058d8d800 Uncommon trap: reason=bimorphic action=maybe_recompile pc=0x000000000306595c method=com.android.dx.rop.code.RegisterSpec.withSimpleType()Lcom/android/dx/rop/code/RegisterSpec; @ 21
Event: 1.484 Thread 0x0000000058d8d800 Uncommon trap: reason=bimorphic action=maybe_recompile pc=0x000000000306595c method=com.android.dx.rop.code.RegisterSpec.withSimpleType()Lcom/android/dx/rop/code/RegisterSpec; @ 21
Event: 1.485 Thread 0x0000000058d8d800 Uncommon trap: reason=bimorphic action=maybe_recompile pc=0x000000000306595c method=com.android.dx.rop.code.RegisterSpec.withSimpleType()Lcom/android/dx/rop/code/RegisterSpec; @ 21
Event: 1.495 Thread 0x000000000269e800 Uncommon trap: reason=unstable_if action=reinterpret pc=0x0000000002fe00ec method=com.android.dx.rop.code.LocalItem.compareHandlesNulls(Lcom/android/dx/rop/cst/CstString;Lcom/android/dx/rop/cst/CstString;)I @ 14
Event: 1.774 Thread 0x0000000058d4c000 Uncommon trap: reason=unstable_if action=reinterpret pc=0x000000000304f704 method=com.android.dx.ssa.MoveParamCombiner$1.visitNonMoveInsn(Lcom/android/dx/ssa/NormalSsaInsn;)V @ 27
Event: 1.803 Thread 0x0000000058ced000 Uncommon trap: reason=bimorphic action=maybe_recompile pc=0x0000000003087598 method=com.android.dx.ssa.LiteralOpUpgrader.tryReplacingWithConstant(Lcom/android/dx/ssa/NormalSsaInsn;)Z @ 62

Internal exceptions (4 events):
Event: 0.049 Thread 0x000000000269e800 Exception <a 'java/lang/NoSuchMethodError': Method sun.misc.Unsafe.defineClass(Ljava/lang/String;[BII)Ljava/lang/Class; name or signature does not match> (0x00000000eab07cc0) thrown at [C:\src\android\AOSP-openjdk\external\jetbrains\jdk\hotspot\src\share\vˆ.ÑÍA©?
Event: 0.049 Thread 0x000000000269e800 Exception <a 'java/lang/NoSuchMethodError': Method sun.misc.Unsafe.prefetchRead(Ljava/lang/Object;J)V name or signature does not match> (0x00000000eab07fa8) thrown at [C:\src\android\AOSP-openjdk\external\jetbrains\jdk\hotspot\src\share\vm\prims\jni.cpp, lõÈØñ?
Event: 1.115 Thread 0x0000000058d8d800 Implicit null exception at 0x0000000002d1e230 to 0x0000000002d20511
Event: 1.495 Thread 0x000000000269e800 Implicit null exception at 0x0000000002fded8d to 0x0000000002fe00c9

Events (10 events):
Event: 1.729 Thread 0x000000000269e800 DEOPT PACKING pc=0x0000000003046a3a sp=0x00000000029fe770
Event: 1.729 Thread 0x000000000269e800 DEOPT UNPACKING pc=0x0000000002a475bf sp=0x00000000029fe580 mode 0
Event: 1.774 Thread 0x0000000058d8f000 DEOPT PACKING pc=0x000000000303ddff sp=0x00000000597bf0b0
Event: 1.774 Thread 0x0000000058d8f000 DEOPT UNPACKING pc=0x0000000002a475bf sp=0x00000000597beea8 mode 0
Event: 1.774 Thread 0x0000000058d4c000 Uncommon trap: trap_request=0xffffff65 fr.pc=0x000000000304f704
Event: 1.774 Thread 0x0000000058d4c000 DEOPT PACKING pc=0x000000000304f704 sp=0x0000000059a4eaf0
Event: 1.774 Thread 0x0000000058d4c000 DEOPT UNPACKING pc=0x0000000002a4556a sp=0x0000000059a4ea48 mode 2
Event: 1.803 Thread 0x0000000058ced000 Uncommon trap: trap_request=0xffffffc6 fr.pc=0x0000000003087598
Event: 1.803 Thread 0x0000000058ced000 DEOPT PACKING pc=0x0000000003087598 sp=0x00000000589fe790
Event: 1.803 Thread 0x0000000058ced000 DEOPT UNPACKING pc=0x0000000002a4556a sp=0x00000000589fe730 mode 2


Dynamic libraries:
0x000000013fbe0000 - 0x000000013fc11000 	D:\soft\jre\bin\java.exe
0x0000000077440000 - 0x00000000775ea000 	C:\Windows\SYSTEM32\ntdll.dll
0x0000000077220000 - 0x000000007733f000 	C:\Windows\system32\kernel32.dll
0x000007fefd190000 - 0x000007fefd1fa000 	C:\Windows\system32\KERNELBASE.dll
0x000007feff260000 - 0x000007feff33b000 	C:\Windows\system32\ADVAPI32.dll
0x000007feff620000 - 0x000007feff6bf000 	C:\Windows\system32\msvcrt.dll
0x000007fefd530000 - 0x000007fefd54f000 	C:\Windows\SYSTEM32\sechost.dll
0x000007fefda20000 - 0x000007fefdb4d000 	C:\Windows\system32\RPCRT4.dll
0x0000000077340000 - 0x000000007743a000 	C:\Windows\system32\USER32.dll
0x000007fefef20000 - 0x000007fefef87000 	C:\Windows\system32\GDI32.dll
0x000007feff6c0000 - 0x000007feff6ce000 	C:\Windows\system32\LPK.dll
0x000007fefdc70000 - 0x000007fefdd3a000 	C:\Windows\system32\USP10.dll
0x000007fefb6e0000 - 0x000007fefb8d4000 	C:\Windows\WinSxS\amd64_microsoft.windows.common-controls_6595b64144ccf1df_6.0.7601.18837_none_fa3b1e3d17594757\COMCTL32.dll
0x000007feff6d0000 - 0x000007feff741000 	C:\Windows\system32\SHLWAPI.dll
0x000007fefcf70000 - 0x000007fefcfc7000 	C:\Windows\system32\apphelp.dll
0x000007fef27a0000 - 0x000007fef27f1000 	C:\Windows\AppPatch\AppPatch64\AcGenral.DLL
0x000007fefcdc0000 - 0x000007fefcde5000 	C:\Windows\system32\SspiCli.dll
0x000007fefead0000 - 0x000007fefecd3000 	C:\Windows\system32\ole32.dll
0x000007fefdd40000 - 0x000007fefeacc000 	C:\Windows\system32\SHELL32.dll
0x000000006eab0000 - 0x000000006eab3000 	C:\Windows\system32\sfc.dll
0x000007fef8260000 - 0x000007fef8270000 	C:\Windows\system32\sfc_os.DLL
0x000007fefd440000 - 0x000007fefd45e000 	C:\Windows\system32\USERENV.dll
0x000007fefd180000 - 0x000007fefd18f000 	C:\Windows\system32\profapi.dll
0x000007fefb020000 - 0x000007fefb038000 	C:\Windows\system32\dwmapi.dll
0x000007fef8630000 - 0x000007fef8648000 	C:\Windows\system32\MPR.dll
0x000007fefefa0000 - 0x000007fefefce000 	C:\Windows\system32\IMM32.DLL
0x000007fefefd0000 - 0x000007feff0d9000 	C:\Windows\system32\MSCTF.dll
0x000000005cff0000 - 0x000000005d0c2000 	D:\soft\jre\jre\bin\msvcr100.dll
0x0000000067d50000 - 0x0000000068584000 	D:\soft\jre\jre\bin\server\jvm.dll
0x000007fef9690000 - 0x000007fef9699000 	C:\Windows\system32\WSOCK32.dll
0x000007fefd9d0000 - 0x000007fefda1d000 	C:\Windows\system32\WS2_32.dll
0x000007fefef90000 - 0x000007fefef98000 	C:\Windows\system32\NSI.dll
0x000007fef9a40000 - 0x000007fef9a7b000 	C:\Windows\system32\WINMM.dll
0x000007fefca80000 - 0x000007fefca8c000 	C:\Windows\system32\VERSION.dll
0x0000000077610000 - 0x0000000077617000 	C:\Windows\system32\PSAPI.DLL
0x000007fefa9b0000 - 0x000007fefa9bf000 	D:\soft\jre\jre\bin\verify.dll
0x000007fef2940000 - 0x000007fef2969000 	D:\soft\jre\jre\bin\java.dll
0x000007fef2920000 - 0x000007fef2936000 	D:\soft\jre\jre\bin\zip.dll

VM Arguments:
jvm_args: -Djava.awt.headless=true -Xmx1024M -Dfile.encoding=GBK -Duser.country=CN -Duser.language=zh -Duser.variant 
java_command: com.android.dx.command.Main --dex --verbose --force-jumbo --num-threads=4 --output D:\AndroidStudioProjects\MobilePlayer2\voicedialog\build\intermediates\pre-dexed\debug\com.android.support-support-v4-22.2.1_c0d90e4c490177ca2c357a90f88b9327ca422924.jar D:\AndroidStudioProjects\MobilePlayer2\voicedialog\build\intermediates\exploded-aar\com.android.support\support-v4\22.2.1\jars\classes.jar
java_class_path (initial): D:\AndroidSDK\sdk\build-tools\23.0.2\lib\dx.jar
Launcher Type: SUN_STANDARD

Environment Variables:
JAVA_HOME=D:\Program Files\Java\jdk1.7.0_67
CLASSPATH=.;D:\Program Files\Java\jdk1.7.0_67\lib;D:\Program Files\Java\jdk1.7.0_67\lib\tools.jar;D:\Program Files\Java\jdk1.7.0_67\lib\dt.jar;
PATH=   C:\ProgramData\Oracle\Java\javapath;C:\Windows\system32;C:\Windows;C:\Windows\System32\Wbem;C:\Windows\System32\WindowsPowerShell\v1.0\; D:\ORACLE\instantclient_11_2;D:\Program Files\Java\jdk1.7.0_67\bin;D:\Program Files\Java\jdk1.7.0_67\jre\bin;D:\newproject\soft\grails-1.3.7\bin\bin;D:\Program Files\nodejs\;D:\Program Files (x86)\Git\bin;C:\Users\Administrator\AppData\Roaming\npm\node_modules\ant\ant\bin;D:\AndroidSDK\sdk\platform-tools;D:\AndroidSDK\sdk\tools;C:\Users\Administrator\AppData\Roaming\npm;D:\AndroidSDK\android-ndk-r10e
USERNAME=Administrator
OS=Windows_NT
PROCESSOR_IDENTIFIER=Intel64 Family 6 Model 60 Stepping 3, GenuineIntel



---------------  S Y S T E M  ---------------

OS: Windows 7 , 64 bit Build 7601 (6.1.7601.23569)

CPU:total 8 (4 cores per cpu, 2 threads per core) family 6 model 60 stepping 3, cmov, cx8, fxsr, mmx, sse, sse2, sse3, ssse3, sse4.1, sse4.2, popcnt, avx, avx2, aes, clmul, erms, lzcnt, ht, tsc, tscinvbit, bmi1, bmi2

Memory: 4k page, physical 8275812k(1263632k free), swap 8273952k(5132k free)

vm_info: OpenJDK 64-Bit Server VM (25.76-b03) for windows-amd64 JRE (1.8.0_76-release-b03), built on Jun 29 2016 19:09:20 by "ralucas" with MS VC++ 10.0 (VS2010)

time: Wed Jan 04 14:24:23 2017
elapsed time: 1 seconds (0d 0h 0m 1s)

