#
# There is insufficient memory for the Java Runtime Environment to continue.
# Native memory allocation (malloc) failed to allocate 1136656 bytes for Chunk::new
# Possible reasons:
#   The system is out of physical RAM or swap space
#   In 32 bit mode, the process size limit was hit
# Possible solutions:
#   Reduce memory load on the system
#   Increase physical memory or swap space
#   Check if swap backing store is full
#   Use 64 bit Java on a 64 bit OS
#   Decrease Java heap size (-Xmx/-Xms)
#   Decrease number of Java threads
#   Decrease Java thread stack sizes (-Xss)
#   Set larger code cache with -XX:ReservedCodeCacheSize=
# This output file may be truncated or incomplete.
#
#  Out of Memory Error (allocation.cpp:390), pid=12348, tid=0x0000000000003110
#
# JRE version: OpenJDK Runtime Environment (8.0_76-b03) (build 1.8.0_76-release-b03)
# Java VM: OpenJDK 64-Bit Server VM (25.76-b03 mixed mode windows-amd64 compressed oops)
# Failed to write core dump. Minidumps are not enabled by default on client versions of Windows
#

---------------  T H R E A D  ---------------

Current thread (0x00000000568f5000):  JavaThread "C2 CompilerThread2" daemon [_thread_in_native, id=12560, stack(0x0000000057af0000,0x0000000057bf0000)]

Stack: [0x0000000057af0000,0x0000000057bf0000]
[error occurred during error reporting (printing stack bounds), id 0xc0000005]

Native frames: (J=compiled Java code, j=interpreted, Vv=VM code, C=native code)


Current CompileTask:
C2:   1828 1319       4       com.android.dx.dex.code.OutputFinisher::addConstants (93 bytes)


---------------  P R O C E S S  ---------------

Java Threads: ( => current thread )
  0x0000000056985800 JavaThread "Service Thread" daemon [_thread_blocked, id=12580, stack(0x0000000058560000,0x0000000058660000)]
  0x0000000056916000 JavaThread "C1 CompilerThread3" daemon [_thread_blocked, id=12564, stack(0x0000000058310000,0x0000000058410000)]
=>0x00000000568f5000 JavaThread "C2 CompilerThread2" daemon [_thread_in_native, id=12560, stack(0x0000000057af0000,0x0000000057bf0000)]
  0x00000000568e1000 JavaThread "C2 CompilerThread1" daemon [_thread_blocked, id=12548, stack(0x0000000058110000,0x0000000058210000)]
  0x00000000568ca000 JavaThread "C2 CompilerThread0" daemon [_thread_blocked, id=12544, stack(0x0000000057ec0000,0x0000000057fc0000)]
  0x00000000568c0800 JavaThread "Attach Listener" daemon [_thread_blocked, id=12532, stack(0x0000000012870000,0x0000000012970000)]
  0x00000000568bf800 JavaThread "Signal Dispatcher" daemon [_thread_blocked, id=12524, stack(0x0000000057db0000,0x0000000057eb0000)]
  0x00000000557fd800 JavaThread "Finalizer" daemon [_thread_blocked, id=12516, stack(0x0000000057c10000,0x0000000057d10000)]
  0x00000000557f6800 JavaThread "Reference Handler" daemon [_thread_blocked, id=12512, stack(0x0000000057880000,0x0000000057980000)]
  0x000000000038e800 JavaThread "main" [_thread_blocked, id=12432, stack(0x00000000028d0000,0x00000000029d0000)]

Other Threads:
  0x0000000056862800 VMThread [stack: 0x0000000057980000,0x0000000057a80000] [id=12500]
  0x0000000056986800 WatcherThread [stack: 0x00000000586f0000,0x00000000587f0000] [id=12584]

VM state:at safepoint (normal execution)

VM Mutex/Monitor currently owned by a thread:  ([mutex/lock_event])
[0x000000000038c300] Threads_lock - owner thread: 0x0000000056862800
[0x000000000038c800] Heap_lock - owner thread: 0x000000000038e800

Heap:
 PSYoungGen      total 71680K, used 5097K [0x00000000eab00000, 0x00000000ef600000, 0x0000000100000000)
  eden space 66560K, 0% used [0x00000000eab00000,0x00000000eab00000,0x00000000eec00000)
  from space 5120K, 99% used [0x00000000ef100000,0x00000000ef5fa568,0x00000000ef600000)
  to   space 5120K, 0% used [0x00000000eec00000,0x00000000eec00000,0x00000000ef100000)
 ParOldGen       total 87552K, used 2410K [0x00000000c0000000, 0x00000000c5580000, 0x00000000eab00000)
  object space 87552K, 2% used [0x00000000c0000000,0x00000000c025ab80,0x00000000c5580000)
 Metaspace       used 6453K, capacity 7224K, committed 7296K, reserved 1056768K
  class space    used 617K, capacity 624K, committed 640K, reserved 1048576K

Card table byte_map: [0x0000000011d90000,0x0000000011fa0000] byte_map_base: 0x0000000011790000

Marking Bits: (ParMarkBitMap*) 0x0000000068509d00
 Begin Bits: [0x0000000012c10000, 0x0000000013c10000)
 End Bits:   [0x0000000013c10000, 0x0000000014c10000)

Polling page: 0x0000000000140000

CodeCache: size=245760Kb used=5805Kb max_used=5805Kb free=239954Kb
 bounds [0x00000000029d0000, 0x0000000002f90000, 0x00000000119d0000]
 total_blobs=1892 nmethods=1614 adapters=191
 compilation: enabled

Compilation events (10 events):
Event: 1.687 Thread 0x0000000056916000 1628       3       com.android.dx.util.ByteArrayAnnotatedOutput::write (61 bytes)
Event: 1.687 Thread 0x0000000056916000 nmethod 1628 0x0000000002f7f310 code [0x0000000002f7f4c0, 0x0000000002f7f988]
Event: 1.687 Thread 0x0000000056916000 1629       3       com.android.dx.util.ByteArray::getBytes (39 bytes)
Event: 1.687 Thread 0x0000000056916000 nmethod 1629 0x0000000002f7fb90 code [0x0000000002f7fd20, 0x0000000002f80058]
Event: 1.807 Thread 0x0000000056916000 1630       3       sun.misc.FDBigInteger::mult (64 bytes)
Event: 1.807 Thread 0x0000000056916000 nmethod 1630 0x0000000002f80190 code [0x0000000002f80300, 0x0000000002f80590]
Event: 1.807 Thread 0x0000000056916000 1631       3       sun.misc.FDBigInteger::<init> (30 bytes)
Event: 1.807 Thread 0x0000000056916000 nmethod 1631 0x0000000002f80850 code [0x0000000002f809c0, 0x0000000002f80bc8]
Event: 1.807 Thread 0x0000000056916000 1632       3       sun.misc.FDBigInteger::trimLeadingZeros (57 bytes)
Event: 1.807 Thread 0x0000000056916000 nmethod 1632 0x0000000002f80cd0 code [0x0000000002f80e40, 0x0000000002f81170]

GC Heap History (5 events):
Event: 0.680 GC heap before
{Heap before GC invocations=1 (full 0):
 PSYoungGen      total 38400K, used 33280K [0x00000000eab00000, 0x00000000ed580000, 0x0000000100000000)
  eden space 33280K, 100% used [0x00000000eab00000,0x00000000ecb80000,0x00000000ecb80000)
  from space 5120K, 0% used [0x00000000ed080000,0x00000000ed080000,0x00000000ed580000)
  to   space 5120K, 0% used [0x00000000ecb80000,0x00000000ecb80000,0x00000000ed080000)
 ParOldGen       total 87552K, used 0K [0x00000000c0000000, 0x00000000c5580000, 0x00000000eab00000)
  object space 87552K, 0% used [0x00000000c0000000,0x00000000c0000000,0x00000000c5580000)
 Metaspace       used 5831K, capacity 6832K, committed 7040K, reserved 1056768K
  class space    used 574K, capacity 616K, committed 640K, reserved 1048576K
Event: 0.907 GC heap after
Heap after GC invocations=1 (full 0):
 PSYoungGen      total 38400K, used 5105K [0x00000000eab00000, 0x00000000ef600000, 0x0000000100000000)
  eden space 33280K, 0% used [0x00000000eab00000,0x00000000eab00000,0x00000000ecb80000)
  from space 5120K, 99% used [0x00000000ecb80000,0x00000000ed07c4b8,0x00000000ed080000)
  to   space 5120K, 0% used [0x00000000ef100000,0x00000000ef100000,0x00000000ef600000)
 ParOldGen       total 87552K, used 2402K [0x00000000c0000000, 0x00000000c5580000, 0x00000000eab00000)
  object space 87552K, 2% used [0x00000000c0000000,0x00000000c0258b80,0x00000000c5580000)
 Metaspace       used 5831K, capacity 6832K, committed 7040K, reserved 1056768K
  class space    used 574K, capacity 616K, committed 640K, reserved 1048576K
}
Event: 1.808 GC heap before
{Heap before GC invocations=2 (full 0):
 PSYoungGen      total 38400K, used 33747K [0x00000000eab00000, 0x00000000ef600000, 0x0000000100000000)
  eden space 33280K, 86% used [0x00000000eab00000,0x00000000ec6f8790,0x00000000ecb80000)
  from space 5120K, 99% used [0x00000000ecb80000,0x00000000ed07c4b8,0x00000000ed080000)
  to   space 5120K, 0% used [0x00000000ef100000,0x00000000ef100000,0x00000000ef600000)
 ParOldGen       total 87552K, used 2402K [0x00000000c0000000, 0x00000000c5580000, 0x00000000eab00000)
  object space 87552K, 2% used [0x00000000c0000000,0x00000000c0258b80,0x00000000c5580000)
 Metaspace       used 6453K, capacity 7224K, committed 7296K, reserved 1056768K
  class space    used 617K, capacity 624K, committed 640K, reserved 1048576K
Event: 1.826 GC heap after
Heap after GC invocations=2 (full 0):
 PSYoungGen      total 71680K, used 5097K [0x00000000eab00000, 0x00000000ef600000, 0x0000000100000000)
  eden space 66560K, 0% used [0x00000000eab00000,0x00000000eab00000,0x00000000eec00000)
  from space 5120K, 99% used [0x00000000ef100000,0x00000000ef5fa568,0x00000000ef600000)
  to   space 5120K, 0% used [0x00000000eec00000,0x00000000eec00000,0x00000000ef100000)
 ParOldGen       total 87552K, used 2410K [0x00000000c0000000, 0x00000000c5580000, 0x00000000eab00000)
  object space 87552K, 2% used [0x00000000c0000000,0x00000000c025ab80,0x00000000c5580000)
 Metaspace       used 6453K, capacity 7224K, committed 7296K, reserved 1056768K
  class space    used 617K, capacity 624K, committed 640K, reserved 1048576K
}
Event: 1.826 GC heap before
{Heap before GC invocations=3 (full 1):
 PSYoungGen      total 71680K, used 5097K [0x00000000eab00000, 0x00000000ef600000, 0x0000000100000000)
  eden space 66560K, 0% used [0x00000000eab00000,0x00000000eab00000,0x00000000eec00000)
  from space 5120K, 99% used [0x00000000ef100000,0x00000000ef5fa568,0x00000000ef600000)
  to   space 5120K, 0% used [0x00000000eec00000,0x00000000eec00000,0x00000000ef100000)
 ParOldGen       total 87552K, used 2410K [0x00000000c0000000, 0x00000000c5580000, 0x00000000eab00000)
  object space 87552K, 2% used [0x00000000c0000000,0x00000000c025ab80,0x00000000c5580000)
 Metaspace       used 6453K, capacity 7224K, committed 7296K, reserved 1056768K
  class space    used 617K, capacity 624K, committed 640K, reserved 1048576K

Deoptimization events (10 events):
Event: 1.314 Thread 0x000000000038e800 Uncommon trap: reason=speculate_class_check action=maybe_recompile pc=0x0000000002d4575c method=com.android.dx.util.FixedSizeList.equals(Ljava/lang/Object;)Z @ 25
Event: 1.314 Thread 0x000000000038e800 Uncommon trap: reason=class_check action=maybe_recompile pc=0x0000000002c984b8 method=java.util.Arrays.equals([Ljava/lang/Object;[Ljava/lang/Object;)Z @ 62
Event: 1.314 Thread 0x000000000038e800 Uncommon trap: reason=speculate_class_check action=maybe_recompile pc=0x0000000002d4575c method=com.android.dx.util.FixedSizeList.equals(Ljava/lang/Object;)Z @ 25
Event: 1.314 Thread 0x000000000038e800 Uncommon trap: reason=class_check action=maybe_recompile pc=0x0000000002c984b8 method=java.util.Arrays.equals([Ljava/lang/Object;[Ljava/lang/Object;)Z @ 62
Event: 1.314 Thread 0x000000000038e800 Uncommon trap: reason=speculate_class_check action=maybe_recompile pc=0x0000000002d4575c method=com.android.dx.util.FixedSizeList.equals(Ljava/lang/Object;)Z @ 25
Event: 1.314 Thread 0x000000000038e800 Uncommon trap: reason=class_check action=maybe_recompile pc=0x0000000002c984b8 method=java.util.Arrays.equals([Ljava/lang/Object;[Ljava/lang/Object;)Z @ 62
Event: 1.314 Thread 0x000000000038e800 Uncommon trap: reason=speculate_class_check action=maybe_recompile pc=0x0000000002d4575c method=com.android.dx.util.FixedSizeList.equals(Ljava/lang/Object;)Z @ 25
Event: 1.314 Thread 0x000000000038e800 Uncommon trap: reason=class_check action=maybe_recompile pc=0x0000000002c984b8 method=java.util.Arrays.equals([Ljava/lang/Object;[Ljava/lang/Object;)Z @ 62
Event: 1.569 Thread 0x000000000038e800 Uncommon trap: reason=unstable_if action=reinterpret pc=0x0000000002f18804 method=com.android.dx.rop.code.RegisterSpec.matchesVariable(Lcom/android/dx/rop/code/RegisterSpec;)Z @ 59
Event: 1.807 Thread 0x000000000038e800 Uncommon trap: reason=unstable_if action=reinterpret pc=0x0000000002c84eac method=java.util.Arrays.copyOf([Ljava/lang/Object;ILjava/lang/Class;)[Ljava/lang/Object; @ 3

Internal exceptions (4 events):
Event: 0.042 Thread 0x000000000038e800 Exception <a 'java/lang/NoSuchMethodError': Method sun.misc.Unsafe.defineClass(Ljava/lang/String;[BII)Ljava/lang/Class; name or signature does not match> (0x00000000eab07cc0) thrown at [C:\src\android\AOSP-openjdk\external\jetbrains\jdk\hotspot\src\share\v<€¶÷GG¥?
Event: 0.042 Thread 0x000000000038e800 Exception <a 'java/lang/NoSuchMethodError': Method sun.misc.Unsafe.prefetchRead(Ljava/lang/Object;J)V name or signature does not match> (0x00000000eab07fa8) thrown at [C:\src\android\AOSP-openjdk\external\jetbrains\jdk\hotspot\src\share\vm\prims\jni.cpp, lI¤¥šÂÚ?
Event: 0.418 Thread 0x0000000056aaa800 Implicit null exception at 0x0000000002c7bec4 to 0x0000000002c7ec3d
Event: 0.418 Thread 0x0000000056aaa800 Implicit null exception at 0x0000000002ca15b7 to 0x0000000002ca3c45

Events (10 events):
Event: 1.806 loading class sun/misc/FDBigInteger done
Event: 1.807 loading class sun/security/jca/ProviderList$2
Event: 1.807 loading class sun/security/jca/ProviderList$2 done
Event: 1.807 Thread 0x000000000038e800 Uncommon trap: trap_request=0xffffff65 fr.pc=0x0000000002c84eac
Event: 1.807 Thread 0x000000000038e800 DEOPT PACKING pc=0x0000000002c84eac sp=0x00000000029cd9f0
Event: 1.807 Thread 0x000000000038e800 DEOPT UNPACKING pc=0x0000000002a1556a sp=0x00000000029cd9b8 mode 2
Event: 1.807 loading class sun/security/jca/ProviderConfig$2
Event: 1.807 loading class sun/security/jca/ProviderConfig$2 done
Event: 1.807 loading class sun/security/provider/Sun
Event: 1.808 Executing VM operation: CollectForMetadataAllocation


Dynamic libraries:
0x000000013fbe0000 - 0x000000013fc11000 	D:\soft\jre\bin\java.exe
0x0000000077440000 - 0x00000000775ea000 	C:\Windows\SYSTEM32\ntdll.dll
0x0000000077220000 - 0x000000007733f000 	C:\Windows\system32\kernel32.dll
0x000007fefd190000 - 0x000007fefd1fa000 	C:\Windows\system32\KERNELBASE.dll
0x000007feff260000 - 0x000007feff33b000 	C:\Windows\system32\ADVAPI32.dll
0x000007feff620000 - 0x000007feff6bf000 	C:\Windows\system32\msvcrt.dll
0x000007fefd530000 - 0x000007fefd54f000 	C:\Windows\SYSTEM32\sechost.dll
0x000007fefda20000 - 0x000007fefdb4d000 	C:\Windows\system32\RPCRT4.dll
0x0000000077340000 - 0x000000007743a000 	C:\Windows\system32\USER32.dll
0x000007fefef20000 - 0x000007fefef87000 	C:\Windows\system32\GDI32.dll
0x000007feff6c0000 - 0x000007feff6ce000 	C:\Windows\system32\LPK.dll
0x000007fefdc70000 - 0x000007fefdd3a000 	C:\Windows\system32\USP10.dll
0x000007fefb6e0000 - 0x000007fefb8d4000 	C:\Windows\WinSxS\amd64_microsoft.windows.common-controls_6595b64144ccf1df_6.0.7601.18837_none_fa3b1e3d17594757\COMCTL32.dll
0x000007feff6d0000 - 0x000007feff741000 	C:\Windows\system32\SHLWAPI.dll
0x000007fefcf70000 - 0x000007fefcfc7000 	C:\Windows\system32\apphelp.dll
0x000007fef27a0000 - 0x000007fef27f1000 	C:\Windows\AppPatch\AppPatch64\AcGenral.DLL
0x000007fefcdc0000 - 0x000007fefcde5000 	C:\Windows\system32\SspiCli.dll
0x000007fefead0000 - 0x000007fefecd3000 	C:\Windows\system32\ole32.dll
0x000007fefdd40000 - 0x000007fefeacc000 	C:\Windows\system32\SHELL32.dll
0x000000006eab0000 - 0x000000006eab3000 	C:\Windows\system32\sfc.dll
0x000007fef8260000 - 0x000007fef8270000 	C:\Windows\system32\sfc_os.DLL
0x000007fefd440000 - 0x000007fefd45e000 	C:\Windows\system32\USERENV.dll
0x000007fefd180000 - 0x000007fefd18f000 	C:\Windows\system32\profapi.dll
0x000007fefb020000 - 0x000007fefb038000 	C:\Windows\system32\dwmapi.dll
0x000007fef8630000 - 0x000007fef8648000 	C:\Windows\system32\MPR.dll
0x000007fefefa0000 - 0x000007fefefce000 	C:\Windows\system32\IMM32.DLL
0x000007fefefd0000 - 0x000007feff0d9000 	C:\Windows\system32\MSCTF.dll
0x000000005cff0000 - 0x000000005d0c2000 	D:\soft\jre\jre\bin\msvcr100.dll
0x0000000067d50000 - 0x0000000068584000 	D:\soft\jre\jre\bin\server\jvm.dll
0x000007fef9690000 - 0x000007fef9699000 	C:\Windows\system32\WSOCK32.dll
0x000007fefd9d0000 - 0x000007fefda1d000 	C:\Windows\system32\WS2_32.dll
0x000007fefef90000 - 0x000007fefef98000 	C:\Windows\system32\NSI.dll
0x000007fef9a40000 - 0x000007fef9a7b000 	C:\Windows\system32\WINMM.dll
0x000007fefca80000 - 0x000007fefca8c000 	C:\Windows\system32\VERSION.dll
0x0000000077610000 - 0x0000000077617000 	C:\Windows\system32\PSAPI.DLL
0x000007fefa9b0000 - 0x000007fefa9bf000 	D:\soft\jre\jre\bin\verify.dll
0x000007fef2940000 - 0x000007fef2969000 	D:\soft\jre\jre\bin\java.dll
0x000007fef2920000 - 0x000007fef2936000 	D:\soft\jre\jre\bin\zip.dll

VM Arguments:
jvm_args: -Djava.awt.headless=true -Xmx1024M -Dfile.encoding=GBK -Duser.country=CN -Duser.language=zh -Duser.variant 
java_command: com.android.dx.command.Main --dex --verbose --force-jumbo --num-threads=4 --output D:\AndroidStudioProjects\MobilePlayer2\voicedialog\build\intermediates\pre-dexed\debug\instant-run_616b98b42e69b42e1e9bf11b3674db0a2cb58453.jar D:\AndroidStudioProjects\MobilePlayer2\voicedialog\build\intermediates\incremental-runtime-classes\debug\instant-run.jar
java_class_path (initial): D:\AndroidSDK\sdk\build-tools\23.0.2\lib\dx.jar
Launcher Type: SUN_STANDARD

Environment Variables:
JAVA_HOME=D:\Program Files\Java\jdk1.7.0_67
CLASSPATH=.;D:\Program Files\Java\jdk1.7.0_67\lib;D:\Program Files\Java\jdk1.7.0_67\lib\tools.jar;D:\Program Files\Java\jdk1.7.0_67\lib\dt.jar;
PATH=   C:\ProgramData\Oracle\Java\javapath;C:\Windows\system32;C:\Windows;C:\Windows\System32\Wbem;C:\Windows\System32\WindowsPowerShell\v1.0\; D:\ORACLE\instantclient_11_2;D:\Program Files\Java\jdk1.7.0_67\bin;D:\Program Files\Java\jdk1.7.0_67\jre\bin;D:\newproject\soft\grails-1.3.7\bin\bin;D:\Program Files\nodejs\;D:\Program Files (x86)\Git\bin;C:\Users\Administrator\AppData\Roaming\npm\node_modules\ant\ant\bin;D:\AndroidSDK\sdk\platform-tools;D:\AndroidSDK\sdk\tools;C:\Users\Administrator\AppData\Roaming\npm;D:\AndroidSDK\android-ndk-r10e
USERNAME=Administrator
OS=Windows_NT
PROCESSOR_IDENTIFIER=Intel64 Family 6 Model 60 Stepping 3, GenuineIntel



---------------  S Y S T E M  ---------------

OS: Windows 7 , 64 bit Build 7601 (6.1.7601.23569)

CPU:total 8 (4 cores per cpu, 2 threads per core) family 6 model 60 stepping 3, cmov, cx8, fxsr, mmx, sse, sse2, sse3, ssse3, sse4.1, sse4.2, popcnt, avx, avx2, aes, clmul, erms, lzcnt, ht, tsc, tscinvbit, bmi1, bmi2

Memory: 4k page, physical 8275812k(1259668k free), swap 8273952k(5024k free)

vm_info: OpenJDK 64-Bit Server VM (25.76-b03) for windows-amd64 JRE (1.8.0_76-release-b03), built on Jun 29 2016 19:09:20 by "ralucas" with MS VC++ 10.0 (VS2010)

time: Wed Jan 04 14:24:23 2017
elapsed time: 1 seconds (0d 0h 0m 1s)

